<?xml version="1.0" encoding="UTF-8"?>
<testsuite name="com.ait.tests.homework.CreateAccountTests" tests="1" skipped="0" failures="0" errors="0" timestamp="2026-04-21T16:34:48.939Z" hostname="MacBookAir" time="4.999">
  <properties/>
  <testcase name="createAccountPositiveTest" classname="com.ait.tests.homework.CreateAccountTests" time="4.999"/>
  <system-out><![CDATA[18:34:48.934 [Test worker] INFO  com.ait.tests.homework.TestBase -- Start test createAccountPositiveTest with data: []
18:34:53.943 [Test worker] INFO  com.ait.tests.homework.TestBase -- PASSED: createAccountPositiveTest
18:34:53.944 [Test worker] INFO  com.ait.tests.homework.TestBase -- Stop test
18:34:53.945 [Test worker] INFO  com.ait.tests.homework.TestBase -- **************************
]]></system-out>
  <system-err><![CDATA[]]></system-err>
</testsuite>
